03272024 113348 PM: INFO: ************** Test_001_Login **************
03272024 113348 PM: INFO: ************** Verifying HomePage Title **************
03272024 113410 PM: INFO: ************** HomePage Title Test Passed **************
03272024 113416 PM: INFO: ************** Verifying Login Test **************
03272024 113449 PM: INFO: ************** Login Test Passed **************
03272024 113555 PM: INFO: ************** Test_001_Login **************
03272024 113555 PM: INFO: ************** Verifying HomePage Title **************
03272024 113617 PM: INFO: ************** HomePage Title Test Passed **************
03272024 113805 PM: INFO: ************** Test_001_Login **************
03272024 113805 PM: INFO: ************** Verifying HomePage Title **************
03272024 113831 PM: ERROR: ************** HomePage Title Test Failed **************
03272024 113943 PM: INFO: ************** Test_001_Login **************
03272024 113943 PM: INFO: ************** Verifying HomePage Title **************
03272024 114001 PM: ERROR: ************** HomePage Title Test Failed **************
03272024 114032 PM: INFO: ************** Test_001_Login **************
03272024 114032 PM: INFO: ************** Verifying HomePage Title **************
03272024 114050 PM: ERROR: ************** HomePage Title Test Failed **************
03272024 114232 PM: INFO: ************** Test_001_Login **************
03272024 114232 PM: INFO: ************** Verifying HomePage Title **************
03272024 114303 PM: ERROR: ************** HomePage Title Test Failed **************
03272024 114306 PM: INFO: ************** Verifying Login Test **************
03272024 114348 PM: INFO: ************** Login Test Passed **************
03272024 114529 PM: INFO: ************** Test_001_Login **************
03272024 114529 PM: INFO: ************** Verifying HomePage Title **************
03272024 114546 PM: INFO: ************** HomePage Title Test Passed **************
03272024 114549 PM: INFO: ************** Verifying Login Test **************
03272024 114626 PM: INFO: ************** Login Test Passed **************
03282024 120221 AM: INFO: ************** Verifying Login Test **************
03282024 120232 AM: INFO: ************** Test_001_Login **************
03282024 120232 AM: INFO: ************** Verifying HomePage Title **************
03282024 120337 AM: INFO: ************** HomePage Title Test Passed **************
03282024 120400 AM: INFO: ************** Login Test Passed **************
03282024 122734 AM: INFO: ************** Verifying Login Test **************
03282024 122734 AM: INFO: ************** Verifying HomePage Title **************
03282024 123342 AM: INFO: ************** Verifying Login Test **************
03282024 123342 AM: INFO: ************** Test_001_Login **************
03282024 123342 AM: INFO: ************** Verifying HomePage Title **************
03282024 123357 AM: INFO: ************** HomePage Title Test Passed **************
03282024 123425 AM: INFO: ************** Login Test Passed **************
03282024 091655 AM: INFO: ************** Verifying Login Test **************
03282024 091655 AM: INFO: ************** Verifying HomePage Title **************
03282024 093511 AM: INFO: ************** Test_002_DDT_Login **************
03282024 093511 AM: INFO: ************** Verifying Login_DDT Test **************
03282024 094109 AM: INFO: ************** Test_002_DDT_Login **************
03282024 094109 AM: INFO: ************** Verifying Login_DDT Test **************
03282024 094352 AM: INFO: ************** Test_002_DDT_Login **************
03282024 094352 AM: INFO: ************** Verifying Login_DDT Test **************
03282024 094652 AM: INFO: ************** Test_001_Login **************
03282024 094652 AM: INFO: ************** Verifying HomePage Title **************
03282024 094737 AM: INFO: ************** HomePage Title Test Passed **************
03282024 094744 AM: INFO: ************** Verifying Login Test **************
03282024 094839 AM: INFO: ************** Login Test Passed **************
03282024 115405 AM: INFO: ************** Test_002_DDT_Login **************
03282024 115405 AM: INFO: ************** Verifying Login_DDT Test **************
03282024 120230 PM: INFO: ************** Test_002_DDT_Login **************
03282024 120231 PM: INFO: ************** Verifying Login_DDT Test **************
03282024 120709 PM: INFO: ************** Test_002_DDT_Login **************
03282024 120710 PM: INFO: ************** Verifying Login_DDT Test **************
03282024 121352 PM: INFO: ************** Test_002_DDT_Login **************
03282024 121352 PM: INFO: ************** Verifying Login_DDT Test **************
03282024 122042 PM: INFO: ************** Test_002_DDT_Login **************
03282024 122042 PM: INFO: ************** Verifying Login_DDT Test **************
03282024 124220 PM: INFO: ************** Test_001_Login **************
03282024 124220 PM: INFO: ************** Verifying HomePage Title **************
03282024 124252 PM: INFO: ************** HomePage Title Test Passed **************
03282024 124303 PM: INFO: ************** Verifying Login Test **************
03282024 124351 PM: INFO: ************** Login Test Passed **************
03282024 124741 PM: INFO: ************** Verifying Login Test **************
03282024 124848 PM: INFO: ************** Login Test Passed **************
03282024 125011 PM: INFO: ************** Verifying Login Test **************
03282024 125050 PM: INFO: ************** Login Test Passed **************
03282024 045145 PM: INFO: ************** Test_002_DDT_Login **************
03282024 045145 PM: INFO: ************** Verifying Login_DDT Test **************
03/28/2024 05:04:38 PM: INFO: ************** Test_002_DDT_Login **************
03/28/2024 05:04:38 PM: INFO: ************** Verifying Login_DDT Test **************
03/28/2024 05:09:54 PM: INFO: ************** Test_002_DDT_Login **************
03/28/2024 05:09:54 PM: INFO: ************** Verifying Login_DDT Test **************
03/28/2024 05:13:16 PM: INFO: ************** Test_002_DDT_Login **************
03/28/2024 05:13:16 PM: INFO: ************** Verifying Login_DDT Test **************
03/28/2024 05:21:13 PM: INFO: ************** Test_002_DDT_Login **************
03/28/2024 05:21:14 PM: INFO: ************** Verifying Login_DDT Test **************
03/28/2024 05:24:02 PM: INFO: ************** Test_002_DDT_Login **************
03/28/2024 05:24:02 PM: INFO: ************** Verifying Login_DDT Test **************
03/28/2024 05:26:35 PM: INFO: ************** Test_002_DDT_Login **************
03/28/2024 05:26:35 PM: INFO: ************** Verifying Login_DDT Test **************
03/28/2024 05:26:57 PM: INFO: **************
03/28/2024 05:26:57 PM: INFO: **************
03/28/2024 05:26:57 PM: INFO: **************
03/28/2024 05:26:57 PM: INFO: **************
03/28/2024 05:27:06 PM: INFO: **************
03/28/2024 05:27:06 PM: INFO: **************
03/28/2024 05:29:13 PM: INFO: ************** Test_002_DDT_Login **************
03/28/2024 05:29:13 PM: INFO: ************** Verifying Login_DDT Test **************
03/28/2024 05:29:47 PM: INFO: **************
03/28/2024 05:29:47 PM: INFO: **************
03/28/2024 05:29:47 PM: INFO: **************
03/28/2024 05:29:47 PM: INFO: **************
03/28/2024 05:29:55 PM: INFO: **************
03/28/2024 05:29:55 PM: INFO: **************
03/28/2024 07:14:08 PM: INFO: ************** Test_002_DDT_Login **************
03/28/2024 07:14:08 PM: INFO: ************** Verifying Login_DDT Test **************
03/28/2024 07:14:22 PM: INFO: **************
03/28/2024 07:14:23 PM: INFO: **************
03/28/2024 07:14:23 PM: INFO: **************
03/28/2024 07:14:23 PM: INFO: **************
03/28/2024 07:14:32 PM: INFO: **************
03/28/2024 07:14:37 PM: INFO: **************
03/28/2024 07:20:45 PM: INFO: ************** Test_002_DDT_Login **************
03/28/2024 07:20:45 PM: INFO: ************** Verifying Login_DDT Test **************
03/28/2024 07:21:07 PM: INFO: ******1********
03/28/2024 07:21:07 PM: INFO: **************
03/28/2024 07:21:07 PM: INFO: *******2*******
03/28/2024 07:21:07 PM: INFO: ******3********
03/28/2024 07:21:26 PM: INFO: *******4*******
03/28/2024 07:21:29 PM: INFO: ******3********
03/28/2024 07:37:58 PM: INFO: ************** Test_002_DDT_Login **************
03/28/2024 07:37:58 PM: INFO: ************** Verifying Login_DDT Test **************
03/28/2024 07:38:42 PM: INFO: ************** Passed **************
03/28/2024 07:42:35 PM: INFO: ************** Test_002_DDT_Login **************
03/28/2024 07:42:35 PM: INFO: ************** Verifying Login_DDT Test **************
03/28/2024 07:43:11 PM: INFO: ************** Passed **************
03/28/2024 07:43:11 PM: INFO: ************** logging out **************
03/28/2024 07:47:28 PM: INFO: ************** Verifying Login Test **************
03/28/2024 08:02:45 PM: INFO: ************** Verifying Login Test **************
03/28/2024 08:09:16 PM: INFO: ************** Verifying Login Test **************
03/28/2024 08:10:03 PM: INFO: ************** Login Test Passed **************
03/28/2024 08:12:14 PM: INFO: ************** Test_002_DDT_Login **************
03/28/2024 08:12:14 PM: INFO: ************** Verifying Login_DDT Test **************
03/28/2024 08:12:47 PM: INFO: ************** Passed **************
03/28/2024 08:12:47 PM: INFO: ************** logging out **************
03/28/2024 08:15:00 PM: INFO: ************** Test_001_Login **************
03/28/2024 08:15:00 PM: INFO: ************** Verifying HomePage Title **************
03/28/2024 08:15:20 PM: INFO: ************** HomePage Title Test Passed **************
03/28/2024 08:15:26 PM: INFO: ************** Verifying Login Test **************
03/28/2024 11:53:51 PM: INFO: ************** Test_002_DDT_Login **************
03/28/2024 11:53:51 PM: INFO: ************** Verifying Login_DDT Test **************
03/28/2024 11:54:30 PM: INFO: ************** Passed **************
03/28/2024 11:54:30 PM: INFO: ************** logging out **************
03/28/2024 11:54:38 PM: INFO: ************** logged out **************
03/29/2024 12:06:11 AM: INFO: ************** Test_002_DDT_Login **************
03/29/2024 12:06:11 AM: INFO: ************** Verifying Login_DDT Test **************
03/29/2024 12:06:24 AM: INFO: ************** Passed **************
03/29/2024 12:06:24 AM: INFO: ************** logging out **************
03/29/2024 12:06:27 AM: INFO: ************** logged out **************
03/29/2024 12:10:55 AM: INFO: ************** Test_002_DDT_Login **************
03/29/2024 12:10:55 AM: INFO: ************** Verifying Login_DDT Test **************
03/29/2024 12:11:28 AM: INFO: ************** Passed **************
03/29/2024 12:11:28 AM: INFO: ************** logging out **************
03/29/2024 12:11:33 AM: INFO: ************** logged out **************
03/29/2024 12:14:29 AM: INFO: ************** Test_002_DDT_Login **************
03/29/2024 12:14:29 AM: INFO: ************** Verifying Login_DDT Test **************
03/29/2024 12:14:48 AM: INFO: ************** Passed **************
03/29/2024 12:14:48 AM: INFO: ************** logging out **************
03/29/2024 12:14:52 AM: INFO: ************** logged out **************
03/29/2024 12:54:46 AM: INFO: ************** Test_002_DDT_Login **************
03/29/2024 12:54:46 AM: INFO: ************** Verifying Login_DDT Test **************
03/29/2024 01:00:40 AM: INFO: ************** Test_002_DDT_Login **************
03/29/2024 01:00:40 AM: INFO: ************** Verifying Login_DDT Test **************
03/29/2024 01:01:27 AM: INFO: ************** Passed **************
03/29/2024 01:01:27 AM: INFO: ************** logging out **************
03/29/2024 01:01:29 AM: INFO: ************** logged out **************
03/29/2024 01:01:30 AM: INFO: ************** Passed **************
03/29/2024 01:04:42 AM: INFO: ************** Test_002_DDT_Login **************
03/29/2024 01:04:42 AM: INFO: ************** Verifying Login_DDT Test **************
03/29/2024 01:05:17 AM: INFO: ************** Passed **************
03/29/2024 01:05:17 AM: INFO: ************** logging out **************
03/29/2024 01:05:23 AM: INFO: ************** logged out **************
03/29/2024 01:05:26 AM: INFO: ************** Passed **************
03/29/2024 01:07:56 AM: INFO: ************** Test_002_DDT_Login **************
03/29/2024 01:07:56 AM: INFO: ************** Verifying Login_DDT Test **************
03/29/2024 01:08:39 AM: INFO: ************** Passed **************
03/29/2024 01:08:39 AM: INFO: ************** logging out **************
03/29/2024 01:08:44 AM: INFO: ************** logged out **************
03/29/2024 01:10:24 AM: INFO: ************** Test_002_DDT_Login **************
03/29/2024 01:10:24 AM: INFO: ************** Verifying Login_DDT Test **************
03/29/2024 01:10:51 AM: INFO: ************** Passed **************
03/29/2024 01:10:51 AM: INFO: ************** logging out **************
03/29/2024 01:10:57 AM: INFO: ************** logged out **************
03/29/2024 01:11:34 AM: INFO: ************** Test_002_DDT_Login **************
03/29/2024 01:11:34 AM: INFO: ************** Verifying Login_DDT Test **************
03/29/2024 01:11:56 AM: INFO: ************** Passed **************
03/29/2024 01:11:56 AM: INFO: ************** logging out **************
03/29/2024 01:12:00 AM: INFO: ************** logged out **************
03/29/2024 01:13:18 AM: INFO: ************** Test_002_DDT_Login **************
03/29/2024 01:13:18 AM: INFO: ************** Verifying Login_DDT Test **************
03/29/2024 01:13:43 AM: INFO: ************** Passed **************
03/29/2024 01:13:43 AM: INFO: ************** logging out **************
03/29/2024 01:13:49 AM: INFO: ************** logged out **************
03/29/2024 01:13:51 AM: INFO: ************** Passed **************
03/29/2024 01:13:52 AM: INFO: ************** Passed **************
03/29/2024 01:13:54 AM: INFO: ************** Passed **************
03/29/2024 01:13:54 AM: INFO: ************** Login_DDT Test Passed **************
03/29/2024 01:13:56 AM: INFO: ************** End of Login_DDT Test **************
03/29/2024 01:13:56 AM: INFO: ************** Completed Test_002_DDT_Login **************
03/29/2024 01:14:13 AM: INFO: ************** Test_002_DDT_Login **************
03/29/2024 01:14:13 AM: INFO: ************** Verifying Login_DDT Test **************
03/29/2024 01:14:39 AM: INFO: ************** Passed **************
03/29/2024 01:14:39 AM: INFO: ************** logging out **************
03/29/2024 01:14:42 AM: INFO: ************** logged out **************
03/29/2024 01:15:41 AM: INFO: ************** Test_002_DDT_Login **************
03/29/2024 01:15:41 AM: INFO: ************** Verifying Login_DDT Test **************
03/29/2024 01:16:16 AM: INFO: ************** Passed **************
03/29/2024 01:16:16 AM: INFO: ************** logging out **************
03/29/2024 01:16:20 AM: INFO: ************** logged out **************
03/29/2024 01:16:41 AM: INFO: ************** Test_002_DDT_Login **************
03/29/2024 01:16:41 AM: INFO: ************** Verifying Login_DDT Test **************
03/29/2024 01:17:08 AM: INFO: ************** Passed **************
03/29/2024 01:17:08 AM: INFO: ************** logging out **************
03/29/2024 01:17:10 AM: INFO: ************** logged out **************
03/29/2024 01:23:35 AM: INFO: ************** Test_002_DDT_Login **************
03/29/2024 01:23:35 AM: INFO: ************** Verifying Login_DDT Test **************
03/29/2024 01:24:22 AM: INFO: ************** Passed **************
03/29/2024 01:24:22 AM: INFO: ************** logging out **************
03/29/2024 01:24:33 AM: INFO: ************** logged out **************
03/29/2024 01:24:36 AM: INFO: ************** Passed **************
03/29/2024 01:24:38 AM: INFO: ************** Passed **************
03/29/2024 01:24:39 AM: INFO: ************** Passed **************
03/29/2024 01:24:39 AM: INFO: ************** Login_DDT Test Passed **************
03/29/2024 01:24:41 AM: INFO: ************** End of Login_DDT Test **************
03/29/2024 01:24:41 AM: INFO: ************** Completed Test_002_DDT_Login **************
03/29/2024 01:26:16 AM: INFO: ************** Test_002_DDT_Login **************
03/29/2024 01:26:16 AM: INFO: ************** Verifying Login_DDT Test **************
03/29/2024 01:27:44 AM: INFO: ************** Test_002_DDT_Login **************
03/29/2024 01:27:44 AM: INFO: ************** Verifying Login_DDT Test **************
03/29/2024 01:28:11 AM: INFO: ************** Failed **************
03/29/2024 01:29:35 AM: INFO: ************** Test_002_DDT_Login **************
03/29/2024 01:29:35 AM: INFO: ************** Verifying Login_DDT Test **************
03/29/2024 01:30:28 AM: INFO: ************** Failed **************
03/29/2024 01:32:53 AM: INFO: ************** Verifying Login Test **************
03/29/2024 01:33:02 AM: INFO: ************** Test_001_Login **************
03/29/2024 01:33:02 AM: INFO: ************** Verifying HomePage Title **************
03/29/2024 01:33:41 AM: INFO: ************** HomePage Title Test Passed **************
03/29/2024 01:34:29 AM: INFO: ************** Test_002_DDT_Login **************
03/29/2024 01:34:29 AM: INFO: ************** Verifying Login_DDT Test **************
03/29/2024 01:34:56 AM: INFO: ************** Failed **************
03/29/2024 01:36:48 AM: INFO: ************** Test_002_DDT_Login **************
03/29/2024 01:36:48 AM: INFO: ************** Verifying Login_DDT Test **************
03/29/2024 01:37:20 AM: INFO: ************** Failed **************
03/29/2024 01:37:37 AM: INFO: ************** Passed **************
03/29/2024 01:40:01 AM: INFO: ************** Test_002_DDT_Login **************
03/29/2024 01:40:01 AM: INFO: ************** Verifying Login_DDT Test **************
03/29/2024 01:40:31 AM: INFO: ************** Failed **************
03/29/2024 01:41:26 AM: INFO: ************** Test_002_DDT_Login **************
03/29/2024 01:41:26 AM: INFO: ************** Verifying Login_DDT Test **************
03/29/2024 01:41:47 AM: INFO: ************** Failed **************
03/29/2024 01:44:00 AM: INFO: ************** Test_002_DDT_Login **************
03/29/2024 01:44:00 AM: INFO: ************** Verifying Login_DDT Test **************
03/29/2024 01:44:22 AM: INFO: ************** Failed **************
03/29/2024 01:45:03 AM: INFO: ************** Test_002_DDT_Login **************
03/29/2024 01:45:03 AM: INFO: ************** Verifying Login_DDT Test **************
03/29/2024 01:45:26 AM: INFO: ************** Failed **************
03/29/2024 02:12:31 AM: WARNING: Error sending stats to Plausible: error sending request for url (https://plausible.io/api/event): operation timed out
03/29/2024 02:13:37 AM: INFO: ************** Test_002_DDT_Login **************
03/29/2024 02:13:37 AM: INFO: ************** Verifying Login_DDT Test **************
03/29/2024 02:37:08 AM: INFO: ************** Test_002_DDT_Login **************
03/29/2024 02:37:09 AM: INFO: ************** Verifying Login_DDT Test **************
03/29/2024 02:37:47 AM: INFO: ************** Failed **************
03/29/2024 11:00:44 AM: INFO: ************** Test_002_DDT_Login **************
03/29/2024 11:00:44 AM: INFO: ************** Verifying Login_DDT Test **************
03/29/2024 11:09:20 AM: INFO: ************** Test_002_DDT_Login **************
03/29/2024 11:09:20 AM: INFO: ************** Verifying Login_DDT Test **************
03/29/2024 11:44:33 AM: INFO: ************** Test_002_DDT_Login **************
03/29/2024 11:44:33 AM: INFO: ************** Verifying Login_DDT Test **************
03/29/2024 11:45:46 AM: INFO: ************** Failed **************
03/29/2024 11:46:50 AM: INFO: ************** Test_002_DDT_Login **************
03/29/2024 11:46:50 AM: INFO: ************** Verifying Login_DDT Test **************
03/29/2024 11:47:30 AM: INFO: ************** Failed **************
03/29/2024 11:48:48 AM: INFO: ************** Test_002_DDT_Login **************
03/29/2024 11:48:48 AM: INFO: ************** Verifying Login_DDT Test **************
03/29/2024 11:49:23 AM: INFO: ************** Failed **************
03/29/2024 11:49:51 AM: INFO: ************** Test_002_DDT_Login **************
03/29/2024 11:49:51 AM: INFO: ************** Verifying Login_DDT Test **************
03/29/2024 11:50:23 AM: INFO: ************** Failed **************
04/02/2024 09:47:46 AM: INFO: ************** Test_001_Login **************
04/02/2024 09:47:46 AM: INFO: ************** Verifying HomePage Title **************
04/02/2024 09:47:51 AM: INFO: ************** HomePage Title Test Passed **************
04/02/2024 09:47:56 AM: INFO: ************** Verifying Login Test **************
04/02/2024 09:48:17 AM: INFO: ************** Login Test Passed **************
04/02/2024 09:49:07 AM: INFO: ************** Test_002_DDT_Login **************
04/02/2024 09:49:07 AM: INFO: ************** Verifying Login_DDT Test **************
04/02/2024 09:49:27 AM: INFO: ************** Failed **************
04/02/2024 09:52:04 AM: INFO: ************** Test_001_Login **************
04/02/2024 09:52:04 AM: INFO: ************** Verifying HomePage Title **************
04/02/2024 09:52:20 AM: INFO: ************** HomePage Title Test Passed **************
04/02/2024 09:52:22 AM: INFO: ************** Verifying Login Test **************
04/02/2024 09:52:38 AM: INFO: ************** Login Test Passed **************
04/02/2024 09:53:17 AM: INFO: ************** Test_002_DDT_Login **************
04/02/2024 09:53:17 AM: INFO: ************** Verifying Login_DDT Test **************
04/02/2024 09:53:27 AM: INFO: ************** Failed **************
04/02/2024 09:54:18 AM: INFO: ************** Test_002_DDT_Login **************
04/02/2024 09:54:18 AM: INFO: ************** Verifying Login_DDT Test **************
04/02/2024 09:54:33 AM: INFO: ************** Failed **************
04/02/2024 09:55:15 AM: INFO: ************** Test_002_DDT_Login **************
04/02/2024 09:55:15 AM: INFO: ************** Verifying Login_DDT Test **************
04/02/2024 09:55:33 AM: INFO: ************** Passed **************
04/02/2024 09:55:33 AM: INFO: ************** logging out **************
04/02/2024 09:55:34 AM: INFO: ************** logged out **************
04/02/2024 09:55:35 AM: INFO: ************** Passed **************
04/02/2024 09:55:36 AM: INFO: ************** Passed **************
04/02/2024 09:55:37 AM: INFO: ************** Passed **************
04/02/2024 09:55:37 AM: INFO: ************** Login_DDT Test Passed **************
04/02/2024 09:55:38 AM: INFO: ************** End of Login_DDT Test **************
04/02/2024 09:55:38 AM: INFO: ************** Completed Test_002_DDT_Login **************
04/02/2024 10:08:04 AM: INFO: ************** Test_002_DDT_Login **************
04/02/2024 10:08:04 AM: INFO: ************** Verifying Login_DDT Test **************
04/02/2024 10:10:12 AM: INFO: ************** Test_002_DDT_Login **************
04/02/2024 10:10:12 AM: INFO: ************** Verifying Login_DDT Test **************
04/02/2024 10:10:41 AM: INFO: ************** Passed **************
04/02/2024 10:10:41 AM: INFO: ************** logging out **************
04/02/2024 10:10:45 AM: INFO: ************** logged out **************
04/02/2024 10:11:18 AM: INFO: ************** Test_002_DDT_Login **************
04/02/2024 10:11:18 AM: INFO: ************** Verifying Login_DDT Test **************
04/02/2024 10:11:50 AM: INFO: ************** Passed **************
04/02/2024 10:11:50 AM: INFO: ************** logging out **************
04/02/2024 10:11:52 AM: INFO: ************** logged out **************
04/02/2024 10:12:25 AM: INFO: ************** Test_002_DDT_Login **************
04/02/2024 10:12:25 AM: INFO: ************** Verifying Login_DDT Test **************
04/02/2024 10:12:48 AM: INFO: ************** Passed **************
04/02/2024 10:12:49 AM: INFO: ************** logging out **************
04/02/2024 10:12:51 AM: INFO: ************** logged out **************
04/02/2024 10:13:49 AM: INFO: ************** Test_002_DDT_Login **************
04/02/2024 10:13:49 AM: INFO: ************** Verifying Login_DDT Test **************
04/02/2024 10:14:16 AM: INFO: ************** Passed **************
04/02/2024 10:14:16 AM: INFO: ************** logging out **************
04/02/2024 10:14:17 AM: INFO: ************** logged out **************
04/02/2024 11:03:47 AM: INFO: ************** Test_002_DDT_Login **************
04/02/2024 11:03:47 AM: INFO: ************** Verifying Login_DDT Test **************
04/02/2024 11:04:11 AM: INFO: ************** Passed **************
04/02/2024 11:04:11 AM: INFO: ************** logging out **************
04/02/2024 11:04:15 AM: INFO: ************** logged out **************
04/02/2024 11:04:16 AM: INFO: ************** Passed **************
04/02/2024 11:04:18 AM: INFO: ************** Passed **************
04/02/2024 11:04:19 AM: INFO: ************** Passed **************
04/02/2024 11:04:19 AM: INFO: ************** Login_DDT Test Passed **************
04/02/2024 11:04:20 AM: INFO: ************** End of Login_DDT Test **************
04/02/2024 11:04:20 AM: INFO: ************** Completed Test_002_DDT_Login **************
04/02/2024 02:45:31 PM: INFO: ************** Test_003_AddCustomer **************
04/02/2024 02:45:53 PM: INFO: ************** login successful **************
04/02/2024 02:45:53 PM: INFO: ************** starting add customer test **************
04/02/2024 02:46:02 PM: INFO: ************** providing customer info **************
04/02/2024 02:48:19 PM: INFO: ************** Test_003_AddCustomer **************
04/02/2024 02:48:41 PM: INFO: ************** login successful **************
04/02/2024 02:48:41 PM: INFO: ************** starting add customer test **************
04/02/2024 02:48:58 PM: INFO: ************** providing customer info **************
04/02/2024 02:55:27 PM: INFO: ************** Test_003_AddCustomer **************
04/02/2024 02:55:48 PM: INFO: ************** login successful **************
04/02/2024 02:55:48 PM: INFO: ************** starting add customer test **************
04/02/2024 02:55:54 PM: INFO: ************** providing customer info **************
04/02/2024 03:00:37 PM: INFO: ************** Test_003_AddCustomer **************
04/02/2024 03:01:01 PM: INFO: ************** login successful **************
04/02/2024 03:01:01 PM: INFO: ************** starting add customer test **************
04/02/2024 03:01:52 PM: INFO: ************** Test_003_AddCustomer **************
04/02/2024 03:02:18 PM: INFO: ************** login successful **************
04/02/2024 03:02:18 PM: INFO: ************** starting add customer test **************
04/02/2024 03:05:27 PM: INFO: ************** Test_003_AddCustomer **************
04/02/2024 03:05:48 PM: INFO: ************** login successful **************
04/02/2024 03:05:48 PM: INFO: ************** starting add customer test **************
04/02/2024 03:07:35 PM: INFO: ************** Test_003_AddCustomer **************
04/02/2024 03:08:05 PM: INFO: ************** login successful **************
04/02/2024 03:08:05 PM: INFO: ************** starting add customer test **************
04/02/2024 03:08:19 PM: INFO: ************** providing customer info **************
04/02/2024 03:11:41 PM: INFO: ************** Test_003_AddCustomer **************
04/02/2024 03:12:15 PM: INFO: ************** login successful **************
04/02/2024 03:12:15 PM: INFO: ************** starting add customer test **************
04/02/2024 03:13:00 PM: INFO: ************** Test_003_AddCustomer **************
04/02/2024 03:13:33 PM: INFO: ************** login successful **************
04/02/2024 03:13:33 PM: INFO: ************** starting add customer test **************
04/02/2024 03:14:52 PM: INFO: ************** Test_003_AddCustomer **************
04/02/2024 03:15:14 PM: INFO: ************** login successful **************
04/02/2024 03:15:14 PM: INFO: ************** starting add customer test **************
04/02/2024 03:16:46 PM: INFO: ************** Test_003_AddCustomer **************
04/02/2024 03:17:06 PM: INFO: ************** login successful **************
04/02/2024 03:17:06 PM: INFO: ************** starting add customer test **************
04/02/2024 03:18:03 PM: INFO: ************** Test_003_AddCustomer **************
04/02/2024 03:18:31 PM: INFO: ************** login successful **************
04/02/2024 03:18:31 PM: INFO: ************** starting add customer test **************
04/02/2024 03:25:30 PM: INFO: ************** Test_003_AddCustomer **************
04/02/2024 03:27:14 PM: INFO: ************** login successful **************
04/02/2024 03:27:14 PM: INFO: ************** starting add customer test **************
04/02/2024 03:34:04 PM: INFO: ************** Test_003_AddCustomer **************
04/02/2024 03:34:53 PM: INFO: ************** login successful **************
04/02/2024 03:34:53 PM: INFO: ************** starting add customer test **************
04/02/2024 03:35:58 PM: INFO: ************** Test_003_AddCustomer **************
04/02/2024 03:36:25 PM: INFO: ************** login successful **************
04/02/2024 03:36:25 PM: INFO: ************** starting add customer test **************
04/02/2024 03:38:21 PM: INFO: ************** Test_003_AddCustomer **************
04/02/2024 03:38:47 PM: INFO: ************** login successful **************
04/02/2024 03:38:47 PM: INFO: ************** starting add customer test **************
04/02/2024 09:37:55 PM: INFO: ************** Test_003_AddCustomer **************
04/02/2024 09:38:48 PM: INFO: ************** login successful **************
04/02/2024 09:38:48 PM: INFO: ************** starting add customer test **************
04/02/2024 09:39:01 PM: INFO: ************** providing customer info **************
04/02/2024 09:46:02 PM: INFO: ************** Test_003_AddCustomer **************
04/02/2024 09:46:30 PM: INFO: ************** login successful **************
04/02/2024 09:46:30 PM: INFO: ************** starting add customer test **************
04/02/2024 09:46:45 PM: INFO: ************** providing customer info **************
04/02/2024 09:49:48 PM: INFO: ************** Test_003_AddCustomer **************
04/02/2024 09:50:27 PM: INFO: ************** login successful **************
04/02/2024 09:50:27 PM: INFO: ************** starting add customer test **************
04/02/2024 09:50:43 PM: INFO: ************** providing customer info **************
04/02/2024 09:53:25 PM: INFO: ************** Test_003_AddCustomer **************
04/02/2024 09:54:08 PM: INFO: ************** login successful **************
04/02/2024 09:54:08 PM: INFO: ************** starting add customer test **************
04/02/2024 09:54:19 PM: INFO: ************** providing customer info **************
04/02/2024 10:01:47 PM: INFO: ************** Test_003_AddCustomer **************
04/02/2024 10:02:51 PM: INFO: ************** login successful **************
04/02/2024 10:02:51 PM: INFO: ************** starting add customer test **************
04/02/2024 10:03:08 PM: INFO: ************** providing customer info **************
04/02/2024 10:07:04 PM: INFO: ************** Test_003_AddCustomer **************
04/02/2024 10:07:42 PM: INFO: ************** login successful **************
04/02/2024 10:07:42 PM: INFO: ************** starting add customer test **************
04/02/2024 10:07:54 PM: INFO: ************** providing customer info **************
04/02/2024 10:08:03 PM: INFO: ************** running **************
04/02/2024 10:08:05 PM: INFO: ************** saving customer info **************
04/02/2024 10:08:05 PM: INFO: ************** add customer validation started **************
04/02/2024 10:09:45 PM: INFO: ************** Test_003_AddCustomer **************
04/02/2024 10:10:20 PM: INFO: ************** login successful **************
04/02/2024 10:10:20 PM: INFO: ************** starting add customer test **************
04/02/2024 10:10:36 PM: INFO: ************** providing customer info **************
04/02/2024 10:10:41 PM: INFO: ************** running **************
04/02/2024 10:10:43 PM: INFO: ************** saving customer info **************
04/02/2024 10:10:43 PM: INFO: ************** add customer validation started **************
04/02/2024 10:10:44 PM: INFO: ********* Add customer Test Passed *********
04/02/2024 10:10:46 PM: INFO: ******* Ending Home Page Title Test ******
04/02/2024 10:16:53 PM: INFO: ************** Test_003_AddCustomer **************
04/02/2024 10:17:26 PM: INFO: ************** login successful **************
04/02/2024 10:17:26 PM: INFO: ************** starting add customer test **************
04/02/2024 10:18:51 PM: INFO: ************** Test_003_AddCustomer **************
04/02/2024 10:19:19 PM: INFO: ************** login successful **************
04/02/2024 10:19:19 PM: INFO: ************** starting add customer test **************
04/02/2024 10:19:30 PM: INFO: ************** providing customer info **************
04/02/2024 10:19:33 PM: INFO: ************** running **************
04/02/2024 10:19:35 PM: INFO: ************** saving customer info **************
04/02/2024 10:19:35 PM: INFO: ************** add customer validation started **************
04/02/2024 10:19:36 PM: INFO: ********* Add customer Test Passed *********
04/02/2024 10:19:40 PM: INFO: ******* Ending Test_003_AddCustomer Test ******
04/02/2024 11:09:21 PM: INFO: ************** Test_003_AddCustomer **************
04/02/2024 11:09:45 PM: INFO: ************** login successful **************
04/02/2024 11:09:45 PM: INFO: ************** starting add customer test **************
04/02/2024 11:09:59 PM: INFO: ************** providing customer info **************
04/02/2024 11:12:30 PM: INFO: ************** Test_003_AddCustomer **************
04/02/2024 11:13:07 PM: INFO: ************** login successful **************
04/02/2024 11:13:07 PM: INFO: ************** starting add customer test **************
04/02/2024 11:13:22 PM: INFO: ************** providing customer info **************
04/02/2024 11:14:54 PM: INFO: ************** Test_003_AddCustomer **************
04/02/2024 11:15:35 PM: INFO: ************** login successful **************
04/02/2024 11:15:35 PM: INFO: ************** starting add customer test **************
04/02/2024 11:15:47 PM: INFO: ************** providing customer info **************
04/02/2024 11:17:01 PM: INFO: ************** Test_003_AddCustomer **************
04/02/2024 11:17:41 PM: INFO: ************** login successful **************
04/02/2024 11:17:41 PM: INFO: ************** starting add customer test **************
04/02/2024 11:18:58 PM: INFO: ************** Test_003_AddCustomer **************
04/02/2024 11:19:36 PM: INFO: ************** login successful **************
04/02/2024 11:19:36 PM: INFO: ************** starting add customer test **************
04/02/2024 11:20:37 PM: INFO: ************** Test_003_AddCustomer **************
04/02/2024 11:21:14 PM: INFO: ************** login successful **************
04/02/2024 11:21:14 PM: INFO: ************** starting add customer test **************
04/02/2024 11:21:37 PM: INFO: ************** providing customer info **************
04/02/2024 11:22:35 PM: INFO: ************** Test_003_AddCustomer **************
04/02/2024 11:23:03 PM: INFO: ************** login successful **************
04/02/2024 11:23:03 PM: INFO: ************** starting add customer test **************
04/02/2024 11:24:05 PM: INFO: ************** Test_003_AddCustomer **************
04/02/2024 11:24:33 PM: INFO: ************** login successful **************
04/02/2024 11:24:33 PM: INFO: ************** starting add customer test **************
04/02/2024 11:24:43 PM: INFO: ************** providing customer info **************
04/02/2024 11:24:54 PM: INFO: ************** saving customer info **************
04/02/2024 11:24:54 PM: INFO: ************** add customer validation started **************
04/02/2024 11:24:56 PM: INFO: ********* Add customer Test Passed *********
04/02/2024 11:24:58 PM: INFO: ******* Ending Test_003_AddCustomer Test ******
04/02/2024 11:27:55 PM: INFO: ************** Test_003_AddCustomer **************
04/02/2024 11:28:32 PM: INFO: ************** login successful **************
04/02/2024 11:28:32 PM: INFO: ************** starting add customer test **************
04/02/2024 11:29:09 PM: INFO: ************** Test_003_AddCustomer **************
04/02/2024 11:29:31 PM: INFO: ************** login successful **************
04/02/2024 11:29:31 PM: INFO: ************** starting add customer test **************
04/02/2024 11:30:22 PM: INFO: ************** Test_003_AddCustomer **************
04/02/2024 11:30:45 PM: INFO: ************** login successful **************
04/02/2024 11:30:45 PM: INFO: ************** starting add customer test **************
04/02/2024 11:37:45 PM: INFO: ************** Test_003_AddCustomer **************
04/02/2024 11:38:27 PM: INFO: ************** login successful **************
04/02/2024 11:38:27 PM: INFO: ************** starting add customer test **************
04/02/2024 11:39:05 PM: INFO: ************** providing customer info **************
04/02/2024 11:39:19 PM: INFO: ************** saving customer info **************
04/02/2024 11:39:19 PM: INFO: ************** add customer validation started **************
04/02/2024 11:39:21 PM: ERROR: ******* Add customer Test Failed ************
04/02/2024 11:41:02 PM: INFO: ************** Test_003_AddCustomer **************
04/02/2024 11:41:35 PM: INFO: ************** login successful **************
04/02/2024 11:41:35 PM: INFO: ************** starting add customer test **************
04/02/2024 11:42:31 PM: INFO: ************** Test_003_AddCustomer **************
04/02/2024 11:43:14 PM: INFO: ************** login successful **************
04/02/2024 11:43:14 PM: INFO: ************** starting add customer test **************
04/02/2024 11:43:29 PM: INFO: ************** providing customer info **************
04/02/2024 11:43:41 PM: INFO: ************** saving customer info **************
04/02/2024 11:43:41 PM: INFO: ************** add customer validation started **************
04/02/2024 11:44:03 PM: ERROR: ******* Add customer Test Failed ************
04/02/2024 11:46:51 PM: INFO: ************** Test_003_AddCustomer **************
04/02/2024 11:47:36 PM: INFO: ************** login successful **************
04/02/2024 11:47:36 PM: INFO: ************** starting add customer test **************
04/02/2024 11:47:46 PM: INFO: ************** providing customer info **************
04/02/2024 11:47:54 PM: INFO: ************** saving customer info **************
04/02/2024 11:47:54 PM: INFO: ************** add customer validation started **************
04/02/2024 11:47:55 PM: ERROR: ******* Add customer Test Failed ************
04/02/2024 11:49:51 PM: INFO: ************** Test_003_AddCustomer **************
04/02/2024 11:50:38 PM: INFO: ************** login successful **************
04/02/2024 11:50:38 PM: INFO: ************** starting add customer test **************
04/02/2024 11:51:06 PM: INFO: ************** providing customer info **************
04/02/2024 11:51:14 PM: INFO: ************** saving customer info **************
04/02/2024 11:51:14 PM: INFO: ************** add customer validation started **************
04/02/2024 11:51:16 PM: INFO: ********* Add customer Test Passed *********
04/02/2024 11:51:16 PM: INFO: ******* Ending Test_003_AddCustomer Test ******
04/02/2024 11:52:51 PM: INFO: ************** Test_003_AddCustomer **************
04/02/2024 11:53:26 PM: INFO: ************** login successful **************
04/02/2024 11:53:26 PM: INFO: ************** starting add customer test **************
04/02/2024 11:54:15 PM: INFO: ************** Test_003_AddCustomer **************
04/02/2024 11:54:39 PM: INFO: ************** login successful **************
04/02/2024 11:54:39 PM: INFO: ************** starting add customer test **************
04/02/2024 11:56:00 PM: INFO: ************** Test_003_AddCustomer **************
04/02/2024 11:56:23 PM: INFO: ************** login successful **************
04/02/2024 11:56:23 PM: INFO: ************** starting add customer test **************
04/02/2024 11:57:29 PM: INFO: ************** Test_003_AddCustomer **************
04/02/2024 11:57:52 PM: INFO: ************** login successful **************
04/02/2024 11:57:52 PM: INFO: ************** starting add customer test **************
04/03/2024 12:00:27 AM: INFO: ************** Test_003_AddCustomer **************
04/03/2024 12:01:00 AM: INFO: ************** login successful **************
04/03/2024 12:01:00 AM: INFO: ************** starting add customer test **************
04/03/2024 12:01:56 AM: INFO: ************** Test_003_AddCustomer **************
04/03/2024 12:02:21 AM: INFO: ************** login successful **************
04/03/2024 12:02:21 AM: INFO: ************** starting add customer test **************
04/03/2024 12:11:41 AM: INFO: ************** Test_003_AddCustomer **************
04/03/2024 12:12:15 AM: INFO: ************** login successful **************
04/03/2024 12:12:15 AM: INFO: ************** starting add customer test **************
04/03/2024 12:13:14 AM: INFO: ************** Test_003_AddCustomer **************
04/03/2024 12:13:43 AM: INFO: ************** login successful **************
04/03/2024 12:13:43 AM: INFO: ************** starting add customer test **************
04/03/2024 08:08:55 AM: INFO: ************** Test_003_AddCustomer **************
04/03/2024 08:09:21 AM: INFO: ************** login successful **************
04/03/2024 08:09:21 AM: INFO: ************** starting add customer test **************
04/03/2024 08:09:29 AM: INFO: ************** providing customer info **************
04/03/2024 08:09:33 AM: INFO: ************** saving customer info **************
04/03/2024 08:09:33 AM: INFO: ************** add customer validation started **************
04/03/2024 08:09:34 AM: INFO: ********* Add customer Test Passed *********
04/03/2024 08:09:35 AM: INFO: ******* Ending Test_003_AddCustomer Test ******
04/03/2024 10:24:43 AM: INFO: ************** Test_004_SearchCustomer **************
04/03/2024 10:30:33 AM: INFO: ************** Test_004_SearchCustomer **************
04/03/2024 10:31:15 AM: INFO: ************** login successful **************
04/03/2024 10:31:15 AM: INFO: ************** starting search Customer By Email test **************
04/03/2024 10:31:21 AM: INFO: ************** searching Customer By Email **************
04/03/2024 10:34:12 AM: INFO: ************** Test_004_SearchCustomer **************
04/03/2024 10:34:54 AM: INFO: ************** login successful **************
04/03/2024 10:34:54 AM: INFO: ************** starting search Customer By Email test **************
04/03/2024 10:35:00 AM: INFO: ************** searching Customer By Email **************
04/03/2024 10:37:19 AM: INFO: ************** Test_004_SearchCustomer **************
04/03/2024 10:37:49 AM: INFO: ************** login successful **************
04/03/2024 10:37:49 AM: INFO: ************** starting search Customer By Email test **************
04/03/2024 10:38:49 AM: INFO: ************** Test_004_SearchCustomer **************
04/03/2024 10:39:17 AM: INFO: ************** login successful **************
04/03/2024 10:39:17 AM: INFO: ************** starting search Customer By Email test **************
04/03/2024 10:39:22 AM: INFO: ************** searching Customer By Email **************
04/03/2024 10:49:21 AM: INFO: ************** Test_004_SearchCustomer **************
04/03/2024 10:49:30 AM: INFO: ************** login successful **************
04/03/2024 10:49:30 AM: INFO: ************** starting search Customer By Email test **************
04/03/2024 10:49:37 AM: INFO: ************** searching Customer By Email **************
04/03/2024 10:59:21 AM: INFO: ************** Test_004_SearchCustomer **************
04/03/2024 10:59:33 AM: INFO: ************** login successful **************
04/03/2024 10:59:33 AM: INFO: ************** starting search Customer By Email test **************
04/03/2024 10:59:43 AM: INFO: ************** searching Customer By Email **************
04/03/2024 11:15:26 AM: INFO: ************** Test_004_SearchCustomer **************
04/03/2024 11:16:00 AM: INFO: ************** login successful **************
04/03/2024 11:16:00 AM: INFO: ************** starting search Customer By Email test **************
04/03/2024 11:16:49 AM: INFO: ************** Test_004_SearchCustomer **************
04/03/2024 11:17:16 AM: INFO: ************** login successful **************
04/03/2024 11:17:16 AM: INFO: ************** starting search Customer By Email test **************
04/03/2024 11:18:17 AM: INFO: ************** Test_004_SearchCustomer **************
04/03/2024 11:18:45 AM: INFO: ************** login successful **************
04/03/2024 11:18:45 AM: INFO: ************** starting search Customer By Email test **************
04/03/2024 11:18:55 AM: INFO: ************** searching Customer By Email **************
04/03/2024 11:19:01 AM: INFO: ************** ending search Customer test **************
04/03/2024 11:23:55 AM: WARNING: Error sending stats to Plausible: error sending request for url (https://plausible.io/api/event): operation timed out
04/03/2024 11:24:02 AM: INFO: ************** Test_004_SearchCustomer **************
04/03/2024 11:24:32 AM: INFO: ************** login successful **************
04/03/2024 11:24:32 AM: INFO: ************** starting search Customer By Email test **************
04/03/2024 11:25:08 AM: INFO: ************** Test_004_SearchCustomer **************
04/03/2024 11:25:34 AM: INFO: ************** login successful **************
04/03/2024 11:25:34 AM: INFO: ************** starting search Customer By Email test **************
04/03/2024 11:26:35 AM: INFO: ************** Test_004_SearchCustomer **************
04/03/2024 11:26:56 AM: INFO: ************** login successful **************
04/03/2024 11:26:56 AM: INFO: ************** starting search Customer By Email test **************
04/03/2024 11:27:46 AM: INFO: ************** Test_004_SearchCustomer **************
04/03/2024 11:28:16 AM: INFO: ************** login successful **************
04/03/2024 11:28:16 AM: INFO: ************** starting search Customer By Email test **************
04/03/2024 11:37:14 AM: INFO: ************** Test_004_SearchCustomer **************
04/03/2024 11:37:48 AM: INFO: ************** login successful **************
04/03/2024 11:37:48 AM: INFO: ************** starting search Customer By Email test **************
04/03/2024 11:38:37 AM: INFO: ************** Test_004_SearchCustomer **************
04/03/2024 11:39:02 AM: INFO: ************** login successful **************
04/03/2024 11:39:02 AM: INFO: ************** starting search Customer By Email test **************
04/03/2024 11:39:17 AM: INFO: ************** searching Customer By Email **************
04/03/2024 11:39:24 AM: INFO: ************** ending search Customer test **************
                                                                                     04/03/2024 12:41:58 PM: WARNING: Error sending stats to Plausible: error sending request for url (https://plausible.io/api/event): operation timed out
04/03/2024 12:43:03 PM: INFO: ************** Test_004_SearchCustomer **************
04/03/2024 12:44:00 PM: INFO: ************** login successful **************
04/03/2024 12:44:00 PM: INFO: ************** starting search Customer By Email test **************
04/03/2024 12:44:18 PM: INFO: ************** searching Customer By Email **************
04/03/2024 12:47:18 PM: INFO: ************** Test_004_SearchCustomer **************
04/03/2024 12:47:44 PM: INFO: ************** login successful **************
04/03/2024 12:47:44 PM: INFO: ************** starting search Customer By Email test **************
04/03/2024 12:49:56 PM: INFO: ************** Test_004_SearchCustomer **************
04/03/2024 12:50:33 PM: INFO: ************** login successful **************
04/03/2024 12:50:33 PM: INFO: ************** starting search Customer By Email test **************
04/03/2024 12:52:27 PM: INFO: ************** Test_004_SearchCustomer **************
04/03/2024 12:52:53 PM: INFO: ************** login successful **************
04/03/2024 12:52:53 PM: INFO: ************** starting search Customer By Name test **************
04/03/2024 12:52:59 PM: INFO: ************** searching Customer By Name **************
04/03/2024 12:53:46 PM: INFO: ************** Test_004_SearchCustomer **************
04/03/2024 12:54:11 PM: INFO: ************** login successful **************
04/03/2024 12:54:11 PM: INFO: ************** starting search Customer By Name test **************
04/03/2024 12:54:17 PM: INFO: ************** searching Customer By Name **************
04/03/2024 12:54:24 PM: INFO: ************** Ending Test_005_SearchCustomerByName **************
04/04/2024 02:55:29 PM: WARNING: Error sending stats to Plausible: error sending request for url (https://plausible.io/api/event): operation timed out
04/04/2024 02:55:29 PM: WARNING: Error sending stats to Plausible: error sending request for url (https://plausible.io/api/event): operation timed out
04/04/2024 02:55:29 PM: WARNING: Error sending stats to Plausible: error sending request for url (https://plausible.io/api/event): operation timed out
04/04/2024 02:55:29 PM: WARNING: Error sending stats to Plausible: error sending request for url (https://plausible.io/api/event): operation timed out
04/04/2024 02:55:29 PM: WARNING: Error sending stats to Plausible: error sending request for url (https://plausible.io/api/event): operation timed out
04/04/2024 02:57:05 PM: INFO: ************** Test_003_AddCustomer **************
04/04/2024 02:57:05 PM: INFO: ************** Test_003_AddCustomer **************
04/04/2024 02:57:05 PM: INFO: ************** Test_003_AddCustomer **************
04/04/2024 02:57:05 PM: INFO: ************** Test_003_AddCustomer **************
04/04/2024 02:57:05 PM: INFO: ************** Test_003_AddCustomer **************
04/04/2024 03:02:37 PM: INFO: ************** Verifying Login Test **************
04/04/2024 03:02:37 PM: INFO: ************** Verifying Login Test **************
04/04/2024 03:02:37 PM: INFO: ************** Verifying Login Test **************
04/04/2024 03:02:37 PM: INFO: ************** Verifying Login Test **************
04/04/2024 03:02:37 PM: INFO: ************** Verifying Login Test **************
04/04/2024 03:13:21 PM: INFO: ************** Test_003_AddCustomer **************
04/04/2024 03:13:21 PM: INFO: ************** Test_003_AddCustomer **************
04/04/2024 03:13:21 PM: INFO: ************** Test_003_AddCustomer **************
04/04/2024 03:13:21 PM: INFO: ************** Test_003_AddCustomer **************
04/04/2024 03:13:21 PM: INFO: ************** Test_003_AddCustomer **************
04/04/2024 03:14:01 PM: INFO: ************** login successful **************
04/04/2024 03:14:01 PM: INFO: ************** login successful **************
04/04/2024 03:14:01 PM: INFO: ************** login successful **************
04/04/2024 03:14:01 PM: INFO: ************** login successful **************
04/04/2024 03:14:01 PM: INFO: ************** login successful **************
04/04/2024 03:14:01 PM: INFO: ************** starting add customer test **************
04/04/2024 03:14:01 PM: INFO: ************** starting add customer test **************
04/04/2024 03:14:01 PM: INFO: ************** starting add customer test **************
04/04/2024 03:14:01 PM: INFO: ************** starting add customer test **************
04/04/2024 03:14:01 PM: INFO: ************** starting add customer test **************
04/04/2024 03:14:21 PM: INFO: ************** Verifying Login Test **************
04/04/2024 03:14:21 PM: INFO: ************** Verifying Login Test **************
04/04/2024 03:14:21 PM: INFO: ************** Verifying Login Test **************
04/04/2024 03:14:21 PM: INFO: ************** Verifying Login Test **************
04/04/2024 03:14:21 PM: INFO: ************** Verifying Login Test **************
04/04/2024 03:23:12 PM: INFO: ************** Test_003_AddCustomer **************
04/04/2024 03:23:12 PM: INFO: ************** Test_003_AddCustomer **************
04/04/2024 03:23:12 PM: INFO: ************** Test_003_AddCustomer **************
04/04/2024 03:23:12 PM: INFO: ************** Test_003_AddCustomer **************
04/04/2024 03:23:12 PM: INFO: ************** Test_003_AddCustomer **************
04/04/2024 03:29:24 PM: INFO: ************** Verifying Login Test **************
04/04/2024 03:29:24 PM: INFO: ************** Verifying Login Test **************
04/04/2024 03:29:24 PM: INFO: ************** Verifying Login Test **************
04/04/2024 03:29:24 PM: INFO: ************** Verifying Login Test **************
04/04/2024 03:29:24 PM: INFO: ************** Verifying Login Test **************
04/04/2024 03:31:09 PM: INFO: ************** Login Test Passed **************
04/04/2024 03:31:09 PM: INFO: ************** Login Test Passed **************
04/04/2024 03:31:09 PM: INFO: ************** Login Test Passed **************
04/04/2024 03:31:09 PM: INFO: ************** Login Test Passed **************
04/04/2024 03:31:09 PM: INFO: ************** Login Test Passed **************
04/04/2024 03:38:35 PM: INFO: ************** Test_003_AddCustomer **************
04/04/2024 03:38:35 PM: INFO: ************** Test_003_AddCustomer **************
04/04/2024 03:38:35 PM: INFO: ************** Test_003_AddCustomer **************
04/04/2024 03:38:35 PM: INFO: ************** Test_003_AddCustomer **************
04/04/2024 03:38:35 PM: INFO: ************** Test_003_AddCustomer **************
04/04/2024 03:39:02 PM: INFO: ************** login successful **************
04/04/2024 03:39:02 PM: INFO: ************** login successful **************
04/04/2024 03:39:02 PM: INFO: ************** login successful **************
04/04/2024 03:39:02 PM: INFO: ************** login successful **************
04/04/2024 03:39:02 PM: INFO: ************** login successful **************
04/04/2024 03:39:02 PM: INFO: ************** starting add customer test **************
04/04/2024 03:39:02 PM: INFO: ************** starting add customer test **************
04/04/2024 03:39:02 PM: INFO: ************** starting add customer test **************
04/04/2024 03:39:02 PM: INFO: ************** starting add customer test **************
04/04/2024 03:39:02 PM: INFO: ************** starting add customer test **************
04/04/2024 03:39:16 PM: INFO: ************** Verifying Login Test **************
04/04/2024 03:39:16 PM: INFO: ************** Verifying Login Test **************
04/04/2024 03:39:16 PM: INFO: ************** Verifying Login Test **************
04/04/2024 03:39:16 PM: INFO: ************** Verifying Login Test **************
04/04/2024 03:39:16 PM: INFO: ************** Verifying Login Test **************
04/04/2024 03:39:38 PM: INFO: ************** Login Test Passed **************
04/04/2024 03:39:38 PM: INFO: ************** Login Test Passed **************
04/04/2024 03:39:38 PM: INFO: ************** Login Test Passed **************
04/04/2024 03:39:38 PM: INFO: ************** Login Test Passed **************
04/04/2024 03:39:38 PM: INFO: ************** Login Test Passed **************
04/04/2024 03:53:59 PM: INFO: ************** Verifying Login Test **************
04/04/2024 04:00:26 PM: INFO: ************** Verifying Login Test **************
04/04/2024 04:01:08 PM: INFO: ************** Login Test Passed **************
04/04/2024 04:02:16 PM: INFO: ************** Test_003_AddCustomer **************
04/04/2024 04:02:16 PM: INFO: ************** Test_003_AddCustomer **************
04/04/2024 04:02:16 PM: INFO: ************** Test_003_AddCustomer **************
04/04/2024 04:02:16 PM: INFO: ************** Test_003_AddCustomer **************
04/04/2024 04:02:16 PM: INFO: ************** Test_003_AddCustomer **************
04/04/2024 04:02:53 PM: INFO: ************** login successful **************
04/04/2024 04:02:53 PM: INFO: ************** login successful **************
04/04/2024 04:02:53 PM: INFO: ************** login successful **************
04/04/2024 04:02:53 PM: INFO: ************** login successful **************
04/04/2024 04:02:53 PM: INFO: ************** login successful **************
04/04/2024 04:02:53 PM: INFO: ************** starting add customer test **************
04/04/2024 04:02:53 PM: INFO: ************** starting add customer test **************
04/04/2024 04:02:53 PM: INFO: ************** starting add customer test **************
04/04/2024 04:02:53 PM: INFO: ************** starting add customer test **************
04/04/2024 04:02:53 PM: INFO: ************** starting add customer test **************
04/04/2024 04:03:04 PM: INFO: ************** providing customer info **************
04/04/2024 04:03:04 PM: INFO: ************** providing customer info **************
04/04/2024 04:03:04 PM: INFO: ************** providing customer info **************
04/04/2024 04:03:04 PM: INFO: ************** providing customer info **************
04/04/2024 04:03:04 PM: INFO: ************** providing customer info **************
04/04/2024 04:03:14 PM: INFO: ************** saving customer info **************
04/04/2024 04:03:14 PM: INFO: ************** saving customer info **************
04/04/2024 04:03:14 PM: INFO: ************** saving customer info **************
04/04/2024 04:03:14 PM: INFO: ************** saving customer info **************
04/04/2024 04:03:14 PM: INFO: ************** saving customer info **************
04/04/2024 04:03:14 PM: INFO: ************** add customer validation started **************
04/04/2024 04:03:14 PM: INFO: ************** add customer validation started **************
04/04/2024 04:03:14 PM: INFO: ************** add customer validation started **************
04/04/2024 04:03:14 PM: INFO: ************** add customer validation started **************
04/04/2024 04:03:14 PM: INFO: ************** add customer validation started **************
04/04/2024 04:03:17 PM: INFO: ********* Add customer Test Passed *********
04/04/2024 04:03:17 PM: INFO: ********* Add customer Test Passed *********
04/04/2024 04:03:17 PM: INFO: ********* Add customer Test Passed *********
04/04/2024 04:03:17 PM: INFO: ********* Add customer Test Passed *********
04/04/2024 04:03:17 PM: INFO: ********* Add customer Test Passed *********
04/04/2024 04:03:18 PM: INFO: ******* Ending Test_003_AddCustomer Test ******
04/04/2024 04:03:18 PM: INFO: ******* Ending Test_003_AddCustomer Test ******
04/04/2024 04:03:18 PM: INFO: ******* Ending Test_003_AddCustomer Test ******
04/04/2024 04:03:18 PM: INFO: ******* Ending Test_003_AddCustomer Test ******
04/04/2024 04:03:18 PM: INFO: ******* Ending Test_003_AddCustomer Test ******
04/04/2024 04:03:28 PM: INFO: ************** Verifying Login Test **************
04/04/2024 04:03:28 PM: INFO: ************** Verifying Login Test **************
04/04/2024 04:03:28 PM: INFO: ************** Verifying Login Test **************
04/04/2024 04:03:28 PM: INFO: ************** Verifying Login Test **************
04/04/2024 04:03:28 PM: INFO: ************** Verifying Login Test **************
04/04/2024 04:03:59 PM: INFO: ************** Login Test Passed **************
04/04/2024 04:03:59 PM: INFO: ************** Login Test Passed **************
04/04/2024 04:03:59 PM: INFO: ************** Login Test Passed **************
04/04/2024 04:03:59 PM: INFO: ************** Login Test Passed **************
04/04/2024 04:03:59 PM: INFO: ************** Login Test Passed **************
04/04/2024 04:09:55 PM: INFO: ************** Test_003_AddCustomer **************
04/04/2024 04:09:55 PM: INFO: ************** Test_003_AddCustomer **************
04/04/2024 04:09:55 PM: INFO: ************** Test_003_AddCustomer **************
04/04/2024 04:09:55 PM: INFO: ************** Test_003_AddCustomer **************
04/04/2024 04:09:55 PM: INFO: ************** Test_003_AddCustomer **************
04/04/2024 04:10:15 PM: INFO: ************** login successful **************
04/04/2024 04:10:15 PM: INFO: ************** login successful **************
04/04/2024 04:10:15 PM: INFO: ************** login successful **************
04/04/2024 04:10:15 PM: INFO: ************** login successful **************
04/04/2024 04:10:15 PM: INFO: ************** login successful **************
04/04/2024 04:10:15 PM: INFO: ************** starting add customer test **************
04/04/2024 04:10:15 PM: INFO: ************** starting add customer test **************
04/04/2024 04:10:15 PM: INFO: ************** starting add customer test **************
04/04/2024 04:10:15 PM: INFO: ************** starting add customer test **************
04/04/2024 04:10:15 PM: INFO: ************** starting add customer test **************
04/04/2024 04:10:31 PM: INFO: ************** providing customer info **************
04/04/2024 04:10:31 PM: INFO: ************** providing customer info **************
04/04/2024 04:10:31 PM: INFO: ************** providing customer info **************
04/04/2024 04:10:31 PM: INFO: ************** providing customer info **************
04/04/2024 04:10:31 PM: INFO: ************** providing customer info **************
04/04/2024 04:11:07 PM: INFO: ************** Verifying Login Test **************
04/04/2024 04:11:07 PM: INFO: ************** Verifying Login Test **************
04/04/2024 04:11:07 PM: INFO: ************** Verifying Login Test **************
04/04/2024 04:11:07 PM: INFO: ************** Verifying Login Test **************
04/04/2024 04:11:07 PM: INFO: ************** Verifying Login Test **************
04/04/2024 04:11:41 PM: INFO: ************** Login Test Passed **************
04/04/2024 04:11:41 PM: INFO: ************** Login Test Passed **************
04/04/2024 04:11:41 PM: INFO: ************** Login Test Passed **************
04/04/2024 04:11:41 PM: INFO: ************** Login Test Passed **************
04/04/2024 04:11:41 PM: INFO: ************** Login Test Passed **************
04/04/2024 04:12:42 PM: INFO: ************** Test_003_AddCustomer **************
04/04/2024 04:12:42 PM: INFO: ************** Test_003_AddCustomer **************
04/04/2024 04:12:42 PM: INFO: ************** Test_003_AddCustomer **************
04/04/2024 04:12:42 PM: INFO: ************** Test_003_AddCustomer **************
04/04/2024 04:12:42 PM: INFO: ************** Test_003_AddCustomer **************
04/04/2024 04:13:00 PM: INFO: ************** login successful **************
04/04/2024 04:13:00 PM: INFO: ************** login successful **************
04/04/2024 04:13:00 PM: INFO: ************** login successful **************
04/04/2024 04:13:00 PM: INFO: ************** login successful **************
04/04/2024 04:13:00 PM: INFO: ************** login successful **************
04/04/2024 04:13:00 PM: INFO: ************** starting add customer test **************
04/04/2024 04:13:00 PM: INFO: ************** starting add customer test **************
04/04/2024 04:13:00 PM: INFO: ************** starting add customer test **************
04/04/2024 04:13:00 PM: INFO: ************** starting add customer test **************
04/04/2024 04:13:00 PM: INFO: ************** starting add customer test **************
04/04/2024 04:13:12 PM: INFO: ************** providing customer info **************
04/04/2024 04:13:12 PM: INFO: ************** providing customer info **************
04/04/2024 04:13:12 PM: INFO: ************** providing customer info **************
04/04/2024 04:13:12 PM: INFO: ************** providing customer info **************
04/04/2024 04:13:12 PM: INFO: ************** providing customer info **************
04/04/2024 04:13:17 PM: INFO: ************** saving customer info **************
04/04/2024 04:13:17 PM: INFO: ************** saving customer info **************
04/04/2024 04:13:17 PM: INFO: ************** saving customer info **************
04/04/2024 04:13:17 PM: INFO: ************** saving customer info **************
04/04/2024 04:13:17 PM: INFO: ************** saving customer info **************
04/04/2024 04:13:17 PM: INFO: ************** add customer validation started **************
04/04/2024 04:13:17 PM: INFO: ************** add customer validation started **************
04/04/2024 04:13:17 PM: INFO: ************** add customer validation started **************
04/04/2024 04:13:17 PM: INFO: ************** add customer validation started **************
04/04/2024 04:13:17 PM: INFO: ************** add customer validation started **************
04/04/2024 04:13:18 PM: INFO: ********* Add customer Test Passed *********
04/04/2024 04:13:18 PM: INFO: ********* Add customer Test Passed *********
04/04/2024 04:13:18 PM: INFO: ********* Add customer Test Passed *********
04/04/2024 04:13:18 PM: INFO: ********* Add customer Test Passed *********
04/04/2024 04:13:18 PM: INFO: ********* Add customer Test Passed *********
04/04/2024 04:13:20 PM: INFO: ******* Ending Test_003_AddCustomer Test ******
04/04/2024 04:13:20 PM: INFO: ******* Ending Test_003_AddCustomer Test ******
04/04/2024 04:13:20 PM: INFO: ******* Ending Test_003_AddCustomer Test ******
04/04/2024 04:13:20 PM: INFO: ******* Ending Test_003_AddCustomer Test ******
04/04/2024 04:13:20 PM: INFO: ******* Ending Test_003_AddCustomer Test ******
04/04/2024 04:13:28 PM: INFO: ************** Verifying Login Test **************
04/04/2024 04:13:28 PM: INFO: ************** Verifying Login Test **************
04/04/2024 04:13:28 PM: INFO: ************** Verifying Login Test **************
04/04/2024 04:13:28 PM: INFO: ************** Verifying Login Test **************
04/04/2024 04:13:28 PM: INFO: ************** Verifying Login Test **************
04/04/2024 04:13:49 PM: INFO: ************** Login Test Passed **************
04/04/2024 04:13:49 PM: INFO: ************** Login Test Passed **************
04/04/2024 04:13:49 PM: INFO: ************** Login Test Passed **************
04/04/2024 04:13:49 PM: INFO: ************** Login Test Passed **************
04/04/2024 04:13:49 PM: INFO: ************** Login Test Passed **************
04/04/2024 04:14:51 PM: INFO: ************** Test_003_AddCustomer **************
04/04/2024 04:14:51 PM: INFO: ************** Test_003_AddCustomer **************
04/04/2024 04:14:51 PM: INFO: ************** Test_003_AddCustomer **************
04/04/2024 04:14:51 PM: INFO: ************** Test_003_AddCustomer **************
04/04/2024 04:14:51 PM: INFO: ************** Test_003_AddCustomer **************
04/04/2024 04:15:09 PM: INFO: ************** login successful **************
04/04/2024 04:15:09 PM: INFO: ************** login successful **************
04/04/2024 04:15:09 PM: INFO: ************** login successful **************
04/04/2024 04:15:09 PM: INFO: ************** login successful **************
04/04/2024 04:15:09 PM: INFO: ************** login successful **************
04/04/2024 04:15:09 PM: INFO: ************** starting add customer test **************
04/04/2024 04:15:09 PM: INFO: ************** starting add customer test **************
04/04/2024 04:15:09 PM: INFO: ************** starting add customer test **************
04/04/2024 04:15:09 PM: INFO: ************** starting add customer test **************
04/04/2024 04:15:09 PM: INFO: ************** starting add customer test **************
04/04/2024 04:15:27 PM: INFO: ************** Test_001_Login **************
04/04/2024 04:15:27 PM: INFO: ************** Test_001_Login **************
04/04/2024 04:15:27 PM: INFO: ************** Test_001_Login **************
04/04/2024 04:15:27 PM: INFO: ************** Test_001_Login **************
04/04/2024 04:15:27 PM: INFO: ************** Test_001_Login **************
04/04/2024 04:15:27 PM: INFO: ************** Verifying HomePage Title **************
04/04/2024 04:15:27 PM: INFO: ************** Verifying HomePage Title **************
04/04/2024 04:15:27 PM: INFO: ************** Verifying HomePage Title **************
04/04/2024 04:15:27 PM: INFO: ************** Verifying HomePage Title **************
04/04/2024 04:15:27 PM: INFO: ************** Verifying HomePage Title **************
04/04/2024 04:15:50 PM: INFO: ************** HomePage Title Test Passed **************
04/04/2024 04:15:50 PM: INFO: ************** HomePage Title Test Passed **************
04/04/2024 04:15:50 PM: INFO: ************** HomePage Title Test Passed **************
04/04/2024 04:15:50 PM: INFO: ************** HomePage Title Test Passed **************
04/04/2024 04:15:50 PM: INFO: ************** HomePage Title Test Passed **************
04/04/2024 04:15:58 PM: INFO: ************** Verifying Login Test **************
04/04/2024 04:15:58 PM: INFO: ************** Verifying Login Test **************
04/04/2024 04:15:58 PM: INFO: ************** Verifying Login Test **************
04/04/2024 04:15:58 PM: INFO: ************** Verifying Login Test **************
04/04/2024 04:15:58 PM: INFO: ************** Verifying Login Test **************
04/04/2024 04:16:20 PM: INFO: ************** Login Test Passed **************
04/04/2024 04:16:20 PM: INFO: ************** Login Test Passed **************
04/04/2024 04:16:20 PM: INFO: ************** Login Test Passed **************
04/04/2024 04:16:20 PM: INFO: ************** Login Test Passed **************
04/04/2024 04:16:20 PM: INFO: ************** Login Test Passed **************
04/04/2024 04:16:25 PM: INFO: ************** Test_002_DDT_Login **************
04/04/2024 04:16:25 PM: INFO: ************** Test_002_DDT_Login **************
04/04/2024 04:16:25 PM: INFO: ************** Test_002_DDT_Login **************
04/04/2024 04:16:25 PM: INFO: ************** Test_002_DDT_Login **************
04/04/2024 04:16:25 PM: INFO: ************** Test_002_DDT_Login **************
04/04/2024 04:16:25 PM: INFO: ************** Verifying Login_DDT Test **************
04/04/2024 04:16:25 PM: INFO: ************** Verifying Login_DDT Test **************
04/04/2024 04:16:25 PM: INFO: ************** Verifying Login_DDT Test **************
04/04/2024 04:16:25 PM: INFO: ************** Verifying Login_DDT Test **************
04/04/2024 04:16:25 PM: INFO: ************** Verifying Login_DDT Test **************
04/04/2024 04:17:10 PM: INFO: ************** Passed **************
04/04/2024 04:17:10 PM: INFO: ************** Passed **************
04/04/2024 04:17:10 PM: INFO: ************** Passed **************
04/04/2024 04:17:10 PM: INFO: ************** Passed **************
04/04/2024 04:17:10 PM: INFO: ************** Passed **************
04/04/2024 04:17:10 PM: INFO: ************** logging out **************
04/04/2024 04:17:10 PM: INFO: ************** logging out **************
04/04/2024 04:17:10 PM: INFO: ************** logging out **************
04/04/2024 04:17:10 PM: INFO: ************** logging out **************
04/04/2024 04:17:10 PM: INFO: ************** logging out **************
04/04/2024 04:17:14 PM: INFO: ************** logged out **************
04/04/2024 04:17:14 PM: INFO: ************** logged out **************
04/04/2024 04:17:14 PM: INFO: ************** logged out **************
04/04/2024 04:17:14 PM: INFO: ************** logged out **************
04/04/2024 04:17:14 PM: INFO: ************** logged out **************
04/04/2024 04:18:02 PM: INFO: ************** Starting Test_004_SearchCustomerByEmail **************
04/04/2024 04:18:02 PM: INFO: ************** Starting Test_004_SearchCustomerByEmail **************
04/04/2024 04:18:02 PM: INFO: ************** Starting Test_004_SearchCustomerByEmail **************
04/04/2024 04:18:02 PM: INFO: ************** Starting Test_004_SearchCustomerByEmail **************
04/04/2024 04:18:02 PM: INFO: ************** Starting Test_004_SearchCustomerByEmail **************
04/04/2024 04:19:29 PM: INFO: ************** login successful **************
04/04/2024 04:19:29 PM: INFO: ************** login successful **************
04/04/2024 04:19:29 PM: INFO: ************** login successful **************
04/04/2024 04:19:29 PM: INFO: ************** login successful **************
04/04/2024 04:19:29 PM: INFO: ************** login successful **************
04/04/2024 04:19:29 PM: INFO: ************** starting search Customer By Email test **************
04/04/2024 04:19:29 PM: INFO: ************** starting search Customer By Email test **************
04/04/2024 04:19:29 PM: INFO: ************** starting search Customer By Email test **************
04/04/2024 04:19:29 PM: INFO: ************** starting search Customer By Email test **************
04/04/2024 04:19:29 PM: INFO: ************** starting search Customer By Email test **************
04/04/2024 04:27:53 PM: INFO: ************** Test_001_Login **************
04/04/2024 04:27:53 PM: INFO: ************** Verifying HomePage Title **************
04/04/2024 04:28:10 PM: INFO: ************** HomePage Title Test Passed **************
